2023-05-08 01:00:33.033  INFO  UserServiceImpl:15 - [addUser][input][UserAddRequest(rank=15, email=nubisoftmn@gmail.comdsfg, password=Password123$, image=C:\fakepath\58384122_1225598410938820_376258514022039552_n.jpg, firstname=dsfg, lastname=asdf, branch=1)] -- d5002420-3a91-4aef-b842-ca610d67a2c2 -- a445c717-f3f1-4387-999b-935cec85b523
2023-05-08 01:00:33.033  INFO  RankServiceImpl:15 - [find][input][id=15] -- d5002420-3a91-4aef-b842-ca610d67a2c2 -- a445c717-f3f1-4387-999b-935cec85b523
2023-05-08 01:00:33.033  INFO  RankServiceImpl:15 - [find][output][] -- d5002420-3a91-4aef-b842-ca610d67a2c2 -- a445c717-f3f1-4387-999b-935cec85b523
2023-05-08 01:00:33.033  INFO  BranchServiceImpl:15 - [find][input][id=1] -- d5002420-3a91-4aef-b842-ca610d67a2c2 -- a445c717-f3f1-4387-999b-935cec85b523
2023-05-08 01:00:33.033  INFO  BranchServiceImpl:15 - [find][output][] -- d5002420-3a91-4aef-b842-ca610d67a2c2 -- a445c717-f3f1-4387-999b-935cec85b523
2023-05-08 01:00:34.034  INFO  UserServiceImpl:15 - [addUser][output][Created] -- d5002420-3a91-4aef-b842-ca610d67a2c2 -- a445c717-f3f1-4387-999b-935cec85b523
2023-05-08 01:00:53.053  INFO  UserServiceImpl:15 - [findAll][input][page=0, size=10] -- ea1cbeda-976c-461b-a682-5e4ab32a3979 -- a445c717-f3f1-4387-999b-935cec85b523
2023-05-08 01:00:53.053  INFO  UserServiceImpl:15 - [findAll][input][totalElements=25, size=10] -- ea1cbeda-976c-461b-a682-5e4ab32a3979 -- a445c717-f3f1-4387-999b-935cec85b523
2023-05-08 01:03:02.002  INFO  UserServiceImpl:15 - [findAll][input][page=0, size=10] -- 64280e48-996b-4c09-8b9b-2658d62d029e -- a445c717-f3f1-4387-999b-935cec85b523
2023-05-08 01:03:02.002  INFO  UserServiceImpl:15 - [findAll][input][totalElements=25, size=10] -- 64280e48-996b-4c09-8b9b-2658d62d029e -- a445c717-f3f1-4387-999b-935cec85b523
2023-05-08 01:03:30.030  INFO  UserServiceImpl:15 - [findAll][input][page=0, size=10] -- 87b5082e-a0d4-4540-a339-260a53c3b96d -- a445c717-f3f1-4387-999b-935cec85b523
2023-05-08 01:03:30.030  INFO  UserServiceImpl:15 - [findAll][input][totalElements=25, size=10] -- 87b5082e-a0d4-4540-a339-260a53c3b96d -- a445c717-f3f1-4387-999b-935cec85b523
2023-05-08 01:03:40.040  INFO  UserServiceImpl:15 - [findAll][input][page=0, size=10] -- 8529983c-c2e3-4f13-986e-8906098b8527 -- a445c717-f3f1-4387-999b-935cec85b523
2023-05-08 01:03:40.040  INFO  UserServiceImpl:15 - [findAll][input][totalElements=25, size=10] -- 8529983c-c2e3-4f13-986e-8906098b8527 -- a445c717-f3f1-4387-999b-935cec85b523
2023-05-08 01:04:02.002  INFO  UserServiceImpl:15 - [findAll][input][page=0, size=10] -- 7d440553-cedd-4523-b4a0-02fdcd8cf574 -- a445c717-f3f1-4387-999b-935cec85b523
2023-05-08 01:04:02.002  INFO  UserServiceImpl:15 - [findAll][input][totalElements=25, size=10] -- 7d440553-cedd-4523-b4a0-02fdcd8cf574 -- a445c717-f3f1-4387-999b-935cec85b523
2023-05-08 01:04:18.018  INFO  UserServiceImpl:15 - [findAll][input][page=0, size=10] -- 673be7d7-7833-4b4b-a715-0e4187d7fb91 -- a445c717-f3f1-4387-999b-935cec85b523
2023-05-08 01:04:18.018  INFO  UserServiceImpl:15 - [findAll][input][totalElements=25, size=10] -- 673be7d7-7833-4b4b-a715-0e4187d7fb91 -- a445c717-f3f1-4387-999b-935cec85b523
2023-05-08 01:04:20.020  INFO  UserServiceImpl:15 - [findAll][input][page=0, size=10] -- babb06f2-06c7-41aa-8929-954d5dcb34dd -- a445c717-f3f1-4387-999b-935cec85b523
2023-05-08 01:04:20.020  INFO  UserServiceImpl:15 - [findAll][input][totalElements=25, size=10] -- babb06f2-06c7-41aa-8929-954d5dcb34dd -- a445c717-f3f1-4387-999b-935cec85b523
2023-05-08 01:04:27.027  INFO  UserServiceImpl:15 - [findAll][input][page=0, size=10] -- dd8345c6-2215-452d-86d2-a6383b15a363 -- a445c717-f3f1-4387-999b-935cec85b523
2023-05-08 01:04:27.027  INFO  UserServiceImpl:15 - [findAll][input][totalElements=25, size=10] -- dd8345c6-2215-452d-86d2-a6383b15a363 -- a445c717-f3f1-4387-999b-935cec85b523
2023-05-08 01:04:31.031  INFO  UserServiceImpl:15 - [findAll][input][page=0, size=10] -- e4adb98c-198d-4d38-ad64-337d150a3e54 -- a445c717-f3f1-4387-999b-935cec85b523
2023-05-08 01:04:31.031  INFO  UserServiceImpl:15 - [findAll][input][totalElements=25, size=10] -- e4adb98c-198d-4d38-ad64-337d150a3e54 -- a445c717-f3f1-4387-999b-935cec85b523
2023-05-08 01:04:59.059  INFO  UserServiceImpl:15 - [findAll][input][page=0, size=10] -- b6bac5f9-bb51-4b2c-b7b1-7d1241666930 -- a445c717-f3f1-4387-999b-935cec85b523
2023-05-08 01:04:59.059  INFO  UserServiceImpl:15 - [findAll][input][totalElements=25, size=10] -- b6bac5f9-bb51-4b2c-b7b1-7d1241666930 -- a445c717-f3f1-4387-999b-935cec85b523
2023-05-08 01:05:03.003  INFO  UserServiceImpl:15 - [findAll][input][page=0, size=10] -- 8e76fc9f-d40b-40fd-b83f-18ed074a3f8d -- a445c717-f3f1-4387-999b-935cec85b523
2023-05-08 01:05:03.003  INFO  UserServiceImpl:15 - [findAll][input][totalElements=25, size=10] -- 8e76fc9f-d40b-40fd-b83f-18ed074a3f8d -- a445c717-f3f1-4387-999b-935cec85b523
2023-05-08 01:05:09.009  INFO  UserServiceImpl:15 - [findAll][input][page=0, size=10] -- 5d209799-97d9-472f-8db8-a3108853811a -- a445c717-f3f1-4387-999b-935cec85b523
2023-05-08 01:05:09.009  INFO  UserServiceImpl:15 - [findAll][input][totalElements=25, size=10] -- 5d209799-97d9-472f-8db8-a3108853811a -- a445c717-f3f1-4387-999b-935cec85b523
2023-05-08 01:05:22.022  INFO  UserServiceImpl:15 - [findAll][input][page=0, size=10] -- 7498261c-fed6-4038-8381-cdec133e03a1 -- a445c717-f3f1-4387-999b-935cec85b523
2023-05-08 01:05:22.022  INFO  UserServiceImpl:15 - [findAll][input][totalElements=25, size=10] -- 7498261c-fed6-4038-8381-cdec133e03a1 -- a445c717-f3f1-4387-999b-935cec85b523
2023-05-08 01:05:24.024  INFO  UserServiceImpl:15 - [findAll][input][page=0, size=10] -- 6a2f5608-4ec2-44c2-8e59-2cc0ff35936a -- a445c717-f3f1-4387-999b-935cec85b523
2023-05-08 01:05:24.024  INFO  UserServiceImpl:15 - [findAll][input][totalElements=25, size=10] -- 6a2f5608-4ec2-44c2-8e59-2cc0ff35936a -- a445c717-f3f1-4387-999b-935cec85b523
